<?xml version="1.0" encoding="UTF-8"?>
<!-- Generated by org.testng.reporters.JUnitXMLReporter -->
<testsuite hostname="DESKTOP-MTO6MC9" ignored="0" name="Default test" tests="4" failures="0" timestamp="2023-01-25T09:46:00 IST" time="0.085" errors="0">
  <testcase name="Login" time="0.013" classname="jks2.Class2"/>
  <testcase name="tc001" time="0.001" classname="jks2.Class2"/>
  <testcase name="tc002" time="0.005" classname="jks2.Class2"/>
  <testcase name="tc003" time="0.006" classname="jks2.Class2"/>
</testsuite> <!-- Default test -->
