<?xml version="1.0" encoding="UTF-8"?>
<!-- Generated by org.testng.reporters.JUnitXMLReporter -->
<testsuite hostname="DESKTOP-MTO6MC9" ignored="0" name="test1" tests="9" failures="0" timestamp="2023-01-25T09:47:48 IST" time="0.139" errors="0">
  <testcase name="Logout" time="0.016" classname="jks1.Class1"/>
  <testcase name="email" time="0.005" classname="jks1.Class1"/>
  <testcase name="tc004" time="0.005" classname="jks1.Class1"/>
  <testcase name="tc005" time="0.005" classname="jks1.Class1"/>
  <testcase name="tc006" time="0.005" classname="jks1.Class1"/>
  <testcase name="Login" time="0.004" classname="jks2.Class2"/>
  <testcase name="tc001" time="0.003" classname="jks2.Class2"/>
  <testcase name="tc002" time="0.002" classname="jks2.Class2"/>
  <testcase name="tc003" time="0.002" classname="jks2.Class2"/>
</testsuite> <!-- test1 -->
